\BOOKMARK [0][-]{chapter*.3}{List of Figures}{}% 1
\BOOKMARK [0][-]{chapter*.4}{List of Tables}{}% 2
\BOOKMARK [0][-]{section*.5}{List of Acronyms}{}% 3
\BOOKMARK [0][-]{chapter.1}{Introduction}{}% 4
\BOOKMARK [0][-]{chapter.2}{Malware}{}% 5
\BOOKMARK [1][-]{section.2.1}{Malware Taxonomy}{chapter.2}% 6
\BOOKMARK [2][-]{subsection.2.1.1}{Behavioural Malware Types}{section.2.1}% 7
\BOOKMARK [2][-]{subsection.2.1.2}{Mass Malware and Targeted Malware}{section.2.1}% 8
\BOOKMARK [1][-]{section.2.2}{Malware Analysis}{chapter.2}% 9
\BOOKMARK [1][-]{section.2.3}{Malware Detection by Antivirus Software}{chapter.2}% 10
\BOOKMARK [1][-]{section.2.4}{Malware Hiding Techniques}{chapter.2}% 11
\BOOKMARK [0][-]{chapter.3}{Portable Executable Format}{}% 12
\BOOKMARK [1][-]{section.3.1}{General Concepts}{chapter.3}% 13
\BOOKMARK [1][-]{section.3.2}{General Structure}{chapter.3}% 14
\BOOKMARK [1][-]{section.3.3}{Special Sections}{chapter.3}% 15
\BOOKMARK [1][-]{section.3.4}{Loading Process}{chapter.3}% 16
\BOOKMARK [1][-]{section.3.5}{PE Malformations}{chapter.3}% 17
\BOOKMARK [2][-]{subsection.3.5.1}{Simple Malformations}{section.3.5}% 18
\BOOKMARK [2][-]{subsection.3.5.2}{Complex Malformations}{section.3.5}% 19
\BOOKMARK [0][-]{chapter.4}{Static Analysis Library}{}% 20
\BOOKMARK [0][-]{chapter.5}{Evaluation}{}% 21
\BOOKMARK [0][-]{section*.30}{Bibliography}{}% 22
