This is pdfTeX, Version 3.1415926-2.5-1.40.14 (TeX Live 2013/Debian) (format=pdflatex 2014.4.22)  5 MAY 2014 10:38
entering extended mode
 restricted \write18 enabled.
 %&-line parsing enabled.
**glossary.tex
(./glossary.tex
LaTeX2e <2011/06/27>
Babel <3.9h> and hyphenation patterns for 7 languages loaded.
! Undefined control sequence.
l.2 \storeglosentry
                   {servlet}{
? 
! Emergency stop.
l.2 \storeglosentry
                   {servlet}{
End of file on the terminal!

 
Here is how much of TeX's memory you used:
 4 strings out of 494976
 129 string characters out of 6179137
 46219 words of memory out of 5000000
 3331 multiletter control sequences out of 15000+600000
 3640 words of font info for 14 fonts, out of 8000000 for 9000
 14 hyphenation exceptions out of 8191
 5i,0n,1p,40b,8s stack positions out of 5000i,500n,10000p,200000b,80000s
!  ==> Fatal error occurred, no output PDF file produced!
